<?xml version="1.0" encoding="UTF-8"?>
<!-- Generated by org.testng.reporters.JUnitReportReporter -->
<testsuite skipped="0" hostname="MAVBCP139" name="calculatorTest.GroupingClass" tests="2" failures="0" timestamp="2020-07-03T10:30:29 IST" time="0.018" errors="0">
  <testcase name="add" time="0.015" classname="calculatorTest.GroupingClass"/>
  <system-out>
Addition operation is successful  </system-out>
  <testcase name="mul" time="0.003" classname="calculatorTest.GroupingClass"/>
  <system-out>
Subraction operation is successful  </system-out>
</testsuite> <!-- calculatorTest.GroupingClass -->
