<?xml version="1.0" encoding="UTF-8"?>
<!-- Generated by org.testng.reporters.JUnitReportReporter -->
<testsuite skipped="0" hostname="MAVBCP139" name="calculatorTest.SampleCalc" tests="4" failures="0" timestamp="2020-07-03T10:38:55 IST" time="0.058" errors="0">
  <testcase name="div" time="0.009" classname="calculatorTest.SampleCalc"/>
  <system-out/>
  <testcase name="sub" time="0.006" classname="calculatorTest.SampleCalc"/>
  <system-out/>
  <testcase name="add" time="0.040" classname="calculatorTest.SampleCalc"/>
  <system-out>
Addition operation from Thread 1 is successful  </system-out>
  <testcase name="mul" time="0.003" classname="calculatorTest.SampleCalc"/>
  <system-out/>
</testsuite> <!-- calculatorTest.SampleCalc -->
