<?xml version="1.0" encoding="UTF-8"?>
<!-- Generated by org.testng.reporters.JUnitReportReporter -->
<testsuite skipped="0" hostname="MAVBCP139" name="calculatorTest.ParameterClass" tests="4" failures="0" timestamp="2020-07-03T10:38:55 IST" time="0.067" errors="0">
  <testcase name="mul" time="0.004" classname="calculatorTest.ParameterClass"/>
  <system-out>
Multiplication operation is successful  </system-out>
  <testcase name="sub" time="0.007" classname="calculatorTest.ParameterClass"/>
  <system-out>
Subraction operation is successful  </system-out>
  <testcase name="add" time="0.040" classname="calculatorTest.ParameterClass"/>
  <system-out>
Addition operation is successful  </system-out>
  <testcase name="div" time="0.016" classname="calculatorTest.ParameterClass"/>
  <system-out>
Division operation is successful  </system-out>
</testsuite> <!-- calculatorTest.ParameterClass -->
